2025-12-06T11:03:35.065+08:00  INFO 7204 --- [gateway-service] [main] com.lhr.gateway.Application              : Starting Application using Java 21 with PID 7204 (E:\projects\LHR\gateway\target\classes started by linha in E:\projects\LHR\gateway)
2025-12-06T11:03:35.072+08:00  INFO 7204 --- [gateway-service] [main] com.lhr.gateway.Application              : No active profile set, falling back to 1 default profile: "default"
2025-12-06T11:03:35.713+08:00  INFO 7204 --- [gateway-service] [main] o.s.cloud.context.scope.GenericScope     : BeanFactory id=5fe0394d-6052-392b-88a5-79bfbfe8a7d7
2025-12-06T11:03:36.186+08:00  INFO 7204 --- [gateway-service] [main] o.s.c.g.r.RouteDefinitionRouteLocator    : Loaded RoutePredicateFactory [After]
2025-12-06T11:03:36.186+08:00  INFO 7204 --- [gateway-service] [main] o.s.c.g.r.RouteDefinitionRouteLocator    : Loaded RoutePredicateFactory [Before]
2025-12-06T11:03:36.188+08:00  INFO 7204 --- [gateway-service] [main] o.s.c.g.r.RouteDefinitionRouteLocator    : Loaded RoutePredicateFactory [Between]
2025-12-06T11:03:36.188+08:00  INFO 7204 --- [gateway-service] [main] o.s.c.g.r.RouteDefinitionRouteLocator    : Loaded RoutePredicateFactory [Cookie]
2025-12-06T11:03:36.188+08:00  INFO 7204 --- [gateway-service] [main] o.s.c.g.r.RouteDefinitionRouteLocator    : Loaded RoutePredicateFactory [Header]
2025-12-06T11:03:36.188+08:00  INFO 7204 --- [gateway-service] [main] o.s.c.g.r.RouteDefinitionRouteLocator    : Loaded RoutePredicateFactory [Host]
2025-12-06T11:03:36.188+08:00  INFO 7204 --- [gateway-service] [main] o.s.c.g.r.RouteDefinitionRouteLocator    : Loaded RoutePredicateFactory [Method]
2025-12-06T11:03:36.188+08:00  INFO 7204 --- [gateway-service] [main] o.s.c.g.r.RouteDefinitionRouteLocator    : Loaded RoutePredicateFactory [Path]
2025-12-06T11:03:36.188+08:00  INFO 7204 --- [gateway-service] [main] o.s.c.g.r.RouteDefinitionRouteLocator    : Loaded RoutePredicateFactory [Query]
2025-12-06T11:03:36.188+08:00  INFO 7204 --- [gateway-service] [main] o.s.c.g.r.RouteDefinitionRouteLocator    : Loaded RoutePredicateFactory [ReadBody]
2025-12-06T11:03:36.188+08:00  INFO 7204 --- [gateway-service] [main] o.s.c.g.r.RouteDefinitionRouteLocator    : Loaded RoutePredicateFactory [RemoteAddr]
2025-12-06T11:03:36.188+08:00  INFO 7204 --- [gateway-service] [main] o.s.c.g.r.RouteDefinitionRouteLocator    : Loaded RoutePredicateFactory [XForwardedRemoteAddr]
2025-12-06T11:03:36.188+08:00  INFO 7204 --- [gateway-service] [main] o.s.c.g.r.RouteDefinitionRouteLocator    : Loaded RoutePredicateFactory [Weight]
2025-12-06T11:03:36.188+08:00  INFO 7204 --- [gateway-service] [main] o.s.c.g.r.RouteDefinitionRouteLocator    : Loaded RoutePredicateFactory [CloudFoundryRouteService]
2025-12-06T11:03:36.351+08:00  INFO 7204 --- [gateway-service] [main] o.s.b.a.e.web.EndpointLinksResolver      : Exposing 1 endpoint(s) beneath base path '/actuator'
2025-12-06T11:03:36.636+08:00  INFO 7204 --- [gateway-service] [main] o.s.b.web.embedded.netty.NettyWebServer  : Netty started on port 8088
2025-12-06T11:03:36.674+08:00  INFO 7204 --- [gateway-service] [main] com.lhr.gateway.Application              : Started Application in 1.937 seconds (process running for 2.445)
2025-12-06T11:03:57.108+08:00  INFO 7204 --- [gateway-service] [reactor-http-nio-4] c.lhr.gateway.filter.DiagnosticFilter    : ========== REQUEST INFO ==========
2025-12-06T11:03:57.110+08:00  INFO 7204 --- [gateway-service] [reactor-http-nio-4] c.lhr.gateway.filter.DiagnosticFilter    : Method: GET
2025-12-06T11:03:57.113+08:00  INFO 7204 --- [gateway-service] [reactor-http-nio-4] c.lhr.gateway.filter.DiagnosticFilter    : Path: /favicon.ico
2025-12-06T11:03:57.113+08:00  INFO 7204 --- [gateway-service] [reactor-http-nio-4] c.lhr.gateway.filter.DiagnosticFilter    : URI: http://localhost:8088/favicon.ico
2025-12-06T11:03:57.113+08:00  INFO 7204 --- [gateway-service] [reactor-http-nio-4] c.lhr.gateway.filter.DiagnosticFilter    : Query Params: {}
2025-12-06T11:03:57.113+08:00  INFO 7204 --- [gateway-service] [reactor-http-nio-4] c.lhr.gateway.filter.DiagnosticFilter    : Headers:
2025-12-06T11:03:57.119+08:00  INFO 7204 --- [gateway-service] [reactor-http-nio-4] c.lhr.gateway.filter.DiagnosticFilter    :   Host: [localhost:8088]
2025-12-06T11:03:57.119+08:00  INFO 7204 --- [gateway-service] [reactor-http-nio-4] c.lhr.gateway.filter.DiagnosticFilter    :   Connection: [keep-alive]
2025-12-06T11:03:57.119+08:00  INFO 7204 --- [gateway-service] [reactor-http-nio-4] c.lhr.gateway.filter.DiagnosticFilter    :   sec-ch-ua-platform: ["Windows"]
2025-12-06T11:03:57.119+08:00  INFO 7204 --- [gateway-service] [reactor-http-nio-4] c.lhr.gateway.filter.DiagnosticFilter    :   User-Agent: [Mozilla/5.0 (Windows NT 10.0; Win64; x64) AppleWebKit/537.36 (KHTML, like Gecko) Chrome/142.0.0.0 Safari/537.36]
2025-12-06T11:03:57.119+08:00  INFO 7204 --- [gateway-service] [reactor-http-nio-4] c.lhr.gateway.filter.DiagnosticFilter    :   sec-ch-ua: ["Chromium";v="142", "Google Chrome";v="142", "Not_A Brand";v="99"]
2025-12-06T11:03:57.119+08:00  INFO 7204 --- [gateway-service] [reactor-http-nio-4] c.lhr.gateway.filter.DiagnosticFilter    :   sec-ch-ua-mobile: [?0]
2025-12-06T11:03:57.120+08:00  INFO 7204 --- [gateway-service] [reactor-http-nio-4] c.lhr.gateway.filter.DiagnosticFilter    :   Accept: [image/avif,image/webp,image/apng,image/svg+xml,image/*,*/*;q=0.8]
2025-12-06T11:03:57.120+08:00  INFO 7204 --- [gateway-service] [reactor-http-nio-4] c.lhr.gateway.filter.DiagnosticFilter    :   Sec-Fetch-Site: [same-origin]
2025-12-06T11:03:57.121+08:00  INFO 7204 --- [gateway-service] [reactor-http-nio-4] c.lhr.gateway.filter.DiagnosticFilter    :   Sec-Fetch-Mode: [no-cors]
2025-12-06T11:03:57.121+08:00  INFO 7204 --- [gateway-service] [reactor-http-nio-4] c.lhr.gateway.filter.DiagnosticFilter    :   Sec-Fetch-Dest: [image]
2025-12-06T11:03:57.121+08:00  INFO 7204 --- [gateway-service] [reactor-http-nio-4] c.lhr.gateway.filter.DiagnosticFilter    :   Referer: [http://localhost:8088/gateway/health]
2025-12-06T11:03:57.121+08:00  INFO 7204 --- [gateway-service] [reactor-http-nio-4] c.lhr.gateway.filter.DiagnosticFilter    :   Accept-Encoding: [gzip, deflate, br, zstd]
2025-12-06T11:03:57.121+08:00  INFO 7204 --- [gateway-service] [reactor-http-nio-4] c.lhr.gateway.filter.DiagnosticFilter    :   Accept-Language: [zh-CN,zh;q=0.9]
2025-12-06T11:03:57.121+08:00  INFO 7204 --- [gateway-service] [reactor-http-nio-4] c.lhr.gateway.filter.DiagnosticFilter    : Remote Address: /[0:0:0:0:0:0:0:1]:10406
2025-12-06T11:03:57.121+08:00  INFO 7204 --- [gateway-service] [reactor-http-nio-4] c.lhr.gateway.filter.DiagnosticFilter    : Local Address: /[0:0:0:0:0:0:0:1]:8088
2025-12-06T11:03:57.692+08:00  INFO 7204 --- [gateway-service] [reactor-http-nio-4] c.lhr.gateway.filter.DiagnosticFilter    : ========== RESPONSE INFO ==========
2025-12-06T11:03:57.692+08:00  INFO 7204 --- [gateway-service] [reactor-http-nio-4] c.lhr.gateway.filter.DiagnosticFilter    : Status Code: 500 INTERNAL_SERVER_ERROR
2025-12-06T11:03:57.693+08:00  INFO 7204 --- [gateway-service] [reactor-http-nio-4] c.lhr.gateway.filter.DiagnosticFilter    : Response Headers:
2025-12-06T11:03:57.693+08:00  INFO 7204 --- [gateway-service] [reactor-http-nio-4] c.lhr.gateway.filter.DiagnosticFilter    :   transfer-encoding: [chunked]
2025-12-06T11:03:57.693+08:00  INFO 7204 --- [gateway-service] [reactor-http-nio-4] c.lhr.gateway.filter.DiagnosticFilter    :   X-Gateway-Processed: [true]
2025-12-06T11:03:57.693+08:00  INFO 7204 --- [gateway-service] [reactor-http-nio-4] c.lhr.gateway.filter.DiagnosticFilter    :   X-Gateway-Timestamp: [1764990237121]
2025-12-06T11:03:57.693+08:00  INFO 7204 --- [gateway-service] [reactor-http-nio-4] c.lhr.gateway.filter.DiagnosticFilter    :   Vary: [Origin, Access-Control-Request-Method, Access-Control-Request-Headers]
2025-12-06T11:03:57.693+08:00  INFO 7204 --- [gateway-service] [reactor-http-nio-4] c.lhr.gateway.filter.DiagnosticFilter    :   Content-Type: [application/json]
2025-12-06T11:03:57.693+08:00  INFO 7204 --- [gateway-service] [reactor-http-nio-4] c.lhr.gateway.filter.DiagnosticFilter    :   Date: [Sat, 06 Dec 2025 03:03:57 GMT]
